[19:09:02] | Зарегистрируйтесь » /reg [пароль]
[19:09:03] | Для начала необходимо авторизоваться
[19:09:05] | Вы успешно зарегистрировались
[19:09:06] ▄▄▄▄▄▄▄▄▄▄▄▄▄▄▄▄▄▄▄▄▄▄▄▄▄▄▄▄▄▄▄▄▄▄▄
[19:09:06]                     Добро пожаловать на сервер ＭｉｎｅＢｌａｚｅ
[19:09:06]                    Получить КРУТОЙ вертолет бесплатно: /air
[19:09:06]                   Донат навсегда и после вайпа сохраняется!
[19:09:06]             Донат покупать на сайте www.MineBlaze.ru (Скидки 90%)
[19:09:06] ▄▄▄▄▄▄▄▄▄▄▄▄▄▄▄▄▄▄▄▄▄▄▄▄▄▄▄▄▄▄▄▄▄▄▄
[19:09:32] [ʟ] [Блейз] SKY1X ← милашка → помогите, как сделать градиентовый чат/второй ник
[19:09:51] › Игрок [Блейз] KobraYT зашел на сервер.
[19:09:52] [ʟ] ❤ Space I'm bored ~~harri (не купил) → а
[19:09:52] [ʟ] Space ɪ`ᴍ ᴇɴᴇᴍʏ  ~~ᴛᴏᴍɪ  → харис пиздуй в дс
[19:09:58] [ʟ] ❤ Space I'm bored ~~harri (не купил) → я не могу
[19:09:59] [ʟ] ❤ Space I'm bored ~~harri (не купил) → родак
[19:10:00] [ʟ] ❤ Space I'm bored ~~harri (не купил) → и
[19:10:24] › Игрок [Помощник] _bitch_cow__1 зашел на сервер.
[19:10:36] [*] Донатер KobraYT забанил по айпи адресу <скрыт> на срок 20 мин. с причиной: '4.14+гриферство'
[19:10:38] [ʟ] ❤ Space I'm bored ~~harri (не купил) → хотя
[19:10:39] [ʟ] ❤ Space I'm bored ~~harri (не купил) → ща
[19:10:40] Chat Game » Решите пример: 271 - 97. Ответ напишите в чат. Награда: 5000$
[19:10:47] [ɢ] LonsDalе [Властелин] ~~1161 ← пластилин → ...
[19:10:50] › Игрок [АнтиГрифер] seffka зашел на сервер.
[19:10:51] [ɢ] ❤ KosMonAfti [Блейз] Zto_delati 1000-7 → /unban
[19:10:52] [Объявление] Ребятки в моем тг канале проходит розыгрыш на 30 донат кейсов (3 победителя по 10) , уже 3АВТРА будет выбран победитель условия в канале - @seffkagovno (Пишет: seffka)
[19:10:55] › Игрок [Делюкс] helovek53232 зашел на сервер.
[19:10:59] [ɢ] ❤ KosMonAfti [Блейз] Zto_delati 1000-7 → пока есть время
[19:11:00] [ɢ] [Игрок] al1enware12  → кидай те дуэльки ezz
[19:11:08] [ɢ] [Игрок] 4to_Za_3blan  → all ищу подругу писать в дс - elisey2911
[19:11:11] [ɢ] [Игрок] 4to_Za_3blan  → all ищу подругу писать в дс - elisey2911
[19:11:15] [ɢ] [Помощник] _bitch_cow__1  →  а если я куплю кейс, мне донат выше выпадет?
[19:11:21] [ɢ] ❤ KosMonAfti [Блейз] Zto_delati 1000-7 → бан не по айпи долбаеб
[19:11:32] [Хелпер] ZekiPoppa  ТОП has made the advancement [The End?]
[19:11:39] [*] Донатер smoGGy забанил KobraYT на срок 8 ч. с причиной: '4.9'
[19:11:44] [ɢ] ❤ KosMonAfti [Блейз] Zto_delati 1000-7 → туда
[19:12:11] [ɢ] [Игрок] 4ga3g43a4g3a  → КТО НАПИШЕТ В ДС - kovacs0563 ПОЛУЧИТ ВЛАДЕЛЬЦА
[19:12:22] [ɢ] ❤ KosMonAfti [Блейз] Zto_delati 1000-7 → скам ебучий
[19:12:37] [ɢ] [Игрок] twreypwertf  → scam suka
[19:12:42] [ɢ] ❤ KosMonAfti [Блейз] Zto_delati 1000-7 → конкурс и никакого владельца не будет
[19:12:43] [ɢ] [Игрок] twreypwertf  → blyat
[19:12:56] [ɢ] [Игрок] twreypwertf  → Server huinya
[19:13:02] | Ты перемещен в лобби ▸ 
[19:13:02] Данный аккаунт забанен!
[19:13:02] Причина: [4.10]
[19:13:02] Дата бана: 29.07.2024 19:12 (МСК)
[19:13:02] Забанил донатер: harrisson
[19:13:02] 
[19:13:02] Забанен на: 3 д.
[19:13:02] До разбана: 2 д. 23 ч.
[19:13:02] 
[19:13:13] | Зарегистрируйтесь » /reg [пароль]
[19:13:16] | Вы успешно зарегистрировались
[19:13:17] ▄▄▄▄▄▄▄▄▄▄▄▄▄▄▄▄▄▄▄▄▄▄▄▄▄▄▄▄▄▄▄▄▄▄▄
[19:13:17]                     Добро пожаловать на сервер ＭｉｎｅＢｌａｚｅ
[19:13:17]                    Получить КРУТОЙ вертолет бесплатно: /air
[19:13:17]                   Донат навсегда и после вайпа сохраняется!
[19:13:17]             Донат покупать на сайте www.MineBlaze.ru (Скидки 90%)
[19:13:17] ▄▄▄▄▄▄▄▄▄▄▄▄▄▄▄▄▄▄▄▄▄▄▄▄▄▄▄▄▄▄▄▄▄▄▄
[19:13:20] [ɢ] ❤ KosMonAfti [Блейз] Zto_delati 1000-7 → убежище
[19:13:26] [ɢ] [Игрок] tjwertwrjtr  → pochemy:
[19:13:28] [ɢ] [Игрок] tjwertwrjtr  → Potomy:
[19:13:45] ** Такое сообщение нельзя отправить, попробуй перефразировать.
[19:13:47] [ɢ] Space Модератор§x§x§x§x§x§x§x§x§x§x§x§x Mr_Jackson #Staff → 
[19:13:49] ** Такое сообщение нельзя отправить, попробуй перефразировать.
[19:13:50] [ɢ] ❤ KosMonAfti [Блейз] Zto_delati 1000-7 → сам ответил на свой вопрос
[19:13:51] ** Такое сообщение нельзя отправить, попробуй перефразировать.
[19:13:53] [ɢ] [Игрок] tjwertwrjtr  → obman na donat (pochemy y bleiza nety podstupa k chyzhim rg?)
[19:13:53] [ɢ] ❤ KosMonAfti [Блейз] Zto_delati 1000-7 → ой
[19:13:56] [ɢ] LonsDalе [Властелин] ~~1161 ← пластилин →  Mr_Jackson qq
[19:13:57] [ɢ] ❤ KosMonAfti [Блейз] Zto_delati 1000-7 → пиздец
[19:13:58] [ʟ] ❤ TheTeamKetran [Хелпер] agysha_top #ВДепрессии → GoAway_Dirt чела забаньте за жесткие читы
[19:14:06] [ɢ] ❤ KosMonAfti [Блейз] Zto_delati 1000-7 → все лив
[19:14:11] [ɢ] [Игрок] tjwertwrjtr  → smisl igrat bez donata?
[19:14:22] АнтиЧит ▸ Игрок Iw0ntSeX кикнут по подозрению в использовании читов.
[19:14:27] [ɢ] ❤ KosMonAfti [Блейз] Zto_delati 1000-7 → мда я играл 1 год без доната
[19:14:34] [ɢ] [Игрок] tjwertwrjtr  → kommunity maminix adminov
[19:14:35] [ɢ] ❤ KosMonAfti [Блейз] Zto_delati 1000-7 → про-что ты говориш
[19:14:37] [ɢ] LonsDalе [Властелин] ~~1161 ← пластилин → а тебя кто то заставляет играть ?
[19:14:44] [ɢ] Space [Властелин] Mr_dungeon223  → датапакер привет((
[19:14:48] [ɢ] [Игрок] tjwertwrjtr  → Privet
[19:14:59] [ɢ] Space [Властелин] Mr_dungeon223  → ну что вернулся с хайпикселя?
[19:15:07] [ɢ] [Игрок] tjwertwrjtr  → Ne, ya s konsoli
[19:15:10] [ɢ] [Делюкс] helovek53232  → если я куплю дк то мне выпатед донн повыше?
[19:15:13] › Игрок [Блейз] Oladuwka478 зашел на сервер.
[19:15:16] [ɢ] [Игрок] tjwertwrjtr  → shas v duolingo ya, a chto?
[19:15:19] [ɢ] LonsDalе [Властелин] ~~1161 ← пластилин → не факт
[19:15:20] [ɢ] Space [Властелин] Mr_dungeon223  → ты же сказал никогда не вернёшься?
[19:15:26] [ɢ] [Игрок] tjwertwrjtr  → razvivayus a ne degradiruyu letom
[19:15:34] [ɢ] Space [Властелин] Mr_dungeon223  → пон
[19:15:35] Killer7720102  has made the advancement [Monster Hunter]
[19:15:40] АвтоШахта » Шахта обновлена, телепортироваться - /warp mine
[19:15:40] Chat Game » Решите пример: 8 * 8. Ответ напишите в чат. Награда: 5000$
[19:15:40] [ɢ] [Делюкс] helovek53232  → если я куплю дк то мне выпатед донн повыше?
[19:15:40] АнтиЧит ▸ Игрок Iw0ntSeX кикнут по подозрению в использовании читов.
[19:15:43] [ɢ] LonsDalе [Властелин] ~~1161 ← пластилин → не факт
[19:15:45] [ɢ] [Игрок] tjwertwrjtr  → s konsoli ladno
[19:15:53] Chat Game » Победил игрок: Egorka21. Правильный ответ: 64
[19:15:56] [ɢ] [Игрок] tjwertwrjtr  → zaschol pougarat
[19:16:07] [*] Донатер Zto_delati забанил Iw0ntSeX на срок 20 мин. с причиной: '4.14'
[19:16:22] [ɢ] ❤ KosMonAfti [Блейз] Zto_delati 1000-7 → заебал софтяра
[19:16:24] › Игрок [Властелин] devohka_lox - плейбой, филантроп и просто красавчик
[19:16:33] [Блейз] morty2467  has made the advancement [We Need to Go Deeper]
[19:16:34] [ɢ] [Игрок] tjwertwrjtr  → да фто ты
[19:16:43] [ɢ] [Игрок] tjwertwrjtr  → скоа денег пожертвовал? Филантроп ты наш
[19:16:57] › Игрок [Блейз] _spare_ зашел на сервер.
[19:17:04] [ɢ] ❤ KosMonAfti [Блейз] Zto_delati 1000-7 → а я вижу ты виебиваесь своим 1 см?
[19:17:19] [ɢ] ❤ KosMonAfti [Блейз] Zto_delati 1000-7 → виебиваесься*
[19:17:28] › Игрок [Блейз] Lonely_Leaf зашел на сервер.
[19:17:39] › Игрок [Блейз] _IIIoKeS_ зашел на сервер.
[19:17:39] [ɢ] ❤ KosMonAfti [Блейз] Zto_delati 1000-7 → а че молчим
[19:17:39] › Игрок [Император] dambas зашел на сервер.
[19:17:43] [ɢ] ❤ KosMonAfti [Блейз] Zto_delati 1000-7 → скажать нечего?
[19:17:44] › Игрок [Император] zahar602 зашел на сервер.
[19:17:53] › Игрок [Властелин] devohka_lox - плейбой, филантроп и просто красавчик
[19:17:53] [ɢ] ❤ KosMonAfti [Блейз] Zto_delati 1000-7 → сказать*
[19:17:59] [ɢ] ❤ KosMonAfti [Блейз] Zto_delati 1000-7 → клава ебучая
[19:18:13] › Игрок [АнтиГрифер] Ganlet зашел на сервер.
[19:18:22] [ɢ] [Игрок] al1enware12  → кидай те дуэли ezz
[19:18:32] › Игрок [Блейз] 3JloN_KeKcuK1303 зашел на сервер.
[19:18:35] [ɢ] ❤ KosMonAfti [Блейз] Zto_delati 1000-7 → я бы поспорил кто ezzz
